May 12, 2025 2:22:46 PM A2MultiThreadedLoggingSystem.BankAccount deposit
INFO: Deposited 200.0 to account 101 (Alice), new balance: 1200.0
May 12, 2025 2:22:46 PM A2MultiThreadedLoggingSystem.BankAccount deposit
INFO: Deposited 200.0 to account 102 (Bob), new balance: 700.0
May 12, 2025 2:22:46 PM A2MultiThreadedLoggingSystem.BankAccount deposit
INFO: Deposited 200.0 to account 103 (Charlie), new balance: 1700.0
May 12, 2025 2:22:46 PM A2MultiThreadedLoggingSystem.BankAccount withdraw
INFO: Withdrew 100.0 from account 102 (Bob), new balance: 600.0
May 12, 2025 2:22:46 PM A2MultiThreadedLoggingSystem.BankAccount withdraw
INFO: Withdrew 100.0 from account 103 (Charlie), new balance: 1600.0
May 12, 2025 2:22:46 PM A2MultiThreadedLoggingSystem.BankAccount withdraw
INFO: Withdrew 100.0 from account 101 (Alice), new balance: 1100.0
May 12, 2025 2:22:57 PM A2MultiThreadedLoggingSystem.BankAccount deposit
INFO: Deposited 200.0 to account 102 (Bob), new balance: 700.0
May 12, 2025 2:22:57 PM A2MultiThreadedLoggingSystem.BankAccount deposit
INFO: Deposited 200.0 to account 103 (Charlie), new balance: 1700.0
May 12, 2025 2:22:57 PM A2MultiThreadedLoggingSystem.BankAccount deposit
INFO: Deposited 200.0 to account 101 (Alice), new balance: 1200.0
May 12, 2025 2:22:57 PM A2MultiThreadedLoggingSystem.BankAccount withdraw
INFO: Withdrew 100.0 from account 103 (Charlie), new balance: 1600.0
May 12, 2025 2:22:57 PM A2MultiThreadedLoggingSystem.BankAccount withdraw
INFO: Withdrew 100.0 from account 102 (Bob), new balance: 600.0
May 12, 2025 2:22:57 PM A2MultiThreadedLoggingSystem.BankAccount withdraw
INFO: Withdrew 100.0 from account 101 (Alice), new balance: 1100.0
